{"meta": {"format": 3, "version": "7.13.3", "timestamp": "2026-02-04T02:25:41.816356", "branch_coverage": false, "show_contexts": false}, "files": {"MarketInsight\\__init__.py": {"executed_lines": [], "summary": {"covered_lines": 0, "num_statements": 0, "percent_covered": 100.0, "percent_covered_display": "100", "missing_lines": 0, "excluded_lines": 0, "percent_statements_covered": 100.0, "percent_statements_covered_display": "100"}, "missing_lines": [], "excluded_lines": [], "functions": {"": {"executed_lines": [], "summary": {"covered_lines": 0, "num_statements": 0, "percent_covered": 100.0, "percent_covered_display": "100", "missing_lines": 0, "excluded_lines": 0, "percent_statements_covered": 100.0, "percent_statements_covered_display": "100"}, "missing_lines": [], "excluded_lines": [], "start_line": 1}}, "classes": {"": {"executed_lines": [], "summary": {"covered_lines": 0, "num_statements": 0, "percent_covered": 100.0, "percent_covered_display": "100", "missing_lines": 0, "excluded_lines": 0, "percent_statements_covered": 100.0, "percent_statements_covered_display": "100"}, "missing_lines": [], "excluded_lines": [], "start_line": 1}}}, "MarketInsight\\components\\__init__.py": {"executed_lines": [], "summary": {"covered_lines": 0, "num_statements": 0, "percent_covered": 100.0, "percent_covered_display": "100", "missing_lines": 0, "excluded_lines": 0, "percent_statements_covered": 100.0, "percent_statements_covered_display": "100"}, "missing_lines": [], "excluded_lines": [], "functions": {"": {"executed_lines": [], "summary": {"covered_lines": 0, "num_statements": 0, "percent_covered": 100.0, "percent_covered_display": "100", "missing_lines": 0, "excluded_lines": 0, "percent_statements_covered": 100.0, "percent_statements_covered_display": "100"}, "missing_lines": [], "excluded_lines": [], "start_line": 1}}, "classes": {"": {"executed_lines": [], "summary": {"covered_lines": 0, "num_statements": 0, "percent_covered": 100.0, "percent_covered_display": "100", "missing_lines": 0, "excluded_lines": 0, "percent_statements_covered": 100.0, "percent_statements_covered_display": "100"}, "missing_lines": [], "excluded_lines": [], "start_line": 1}}}, "MarketInsight\\components\\agent.py": {"executed_lines": [1, 2, 3, 4, 5, 6, 7, 9, 10, 12, 17, 25], "summary": {"covered_lines": 12, "num_statements": 12, "percent_covered": 100.0, "percent_covered_display": "100", "missing_lines": 0, "excluded_lines": 0, "percent_statements_covered": 100.0, "percent_statements_covered_display": "100"}, "missing_lines": [], "excluded_lines": [], "functions": {"": {"executed_lines": [1, 2, 3, 4, 5, 6, 7, 9, 10, 12, 17, 25], "summary": {"covered_lines": 12, "num_statements": 12, "percent_covered": 100.0, "percent_covered_display": "100", "missing_lines": 0, "excluded_lines": 0, "percent_statements_covered": 100.0, "percent_statements_covered_display": "100"}, "missing_lines": [], "excluded_lines": [], "start_line": 1}}, "classes": {"": {"executed_lines": [1, 2, 3, 4, 5, 6, 7, 9, 10, 12, 17, 25], "summary": {"covered_lines": 12, "num_statements": 12, "percent_covered": 100.0, "percent_covered_display": "100", "missing_lines": 0, "excluded_lines": 0, "percent_statements_covered": 100.0, "percent_statements_covered_display": "100"}, "missing_lines": [], "excluded_lines": [], "start_line": 1}}}, "MarketInsight\\utils\\__init__.py": {"executed_lines": [], "summary": {"covered_lines": 0, "num_statements": 0, "percent_covered": 100.0, "percent_covered_display": "100", "missing_lines": 0, "excluded_lines": 0, "percent_statements_covered": 100.0, "percent_statements_covered_display": "100"}, "missing_lines": [], "excluded_lines": [], "functions": {"": {"executed_lines": [], "summary": {"covered_lines": 0, "num_statements": 0, "percent_covered": 100.0, "percent_covered_display": "100", "missing_lines": 0, "excluded_lines": 0, "percent_statements_covered": 100.0, "percent_statements_covered_display": "100"}, "missing_lines": [], "excluded_lines": [], "start_line": 1}}, "classes": {"": {"executed_lines": [], "summary": {"covered_lines": 0, "num_statements": 0, "percent_covered": 100.0, "percent_covered_display": "100", "missing_lines": 0, "excluded_lines": 0, "percent_statements_covered": 100.0, "percent_statements_covered_display": "100"}, "missing_lines": [], "excluded_lines": [], "start_line": 1}}}, "MarketInsight\\utils\\exceptions.py": {"executed_lines": [9, 10, 12, 15, 23, 31, 32, 33, 35, 37, 38, 39, 42, 50, 64, 65, 66, 67, 69, 70, 73, 81, 104, 112, 128, 129, 130, 131, 132, 133, 134, 136, 137, 143, 151, 165, 166, 167, 168, 170, 171, 174, 182], "summary": {"covered_lines": 43, "num_statements": 55, "percent_covered": 78.18181818181819, "percent_covered_display": "78", "missing_lines": 12, "excluded_lines": 0, "percent_statements_covered": 78.18181818181819, "percent_statements_covered_display": "78"}, "missing_lines": [95, 96, 97, 98, 100, 101, 196, 197, 198, 199, 201, 202], "excluded_lines": [], "functions": {"MarketInsightError.__init__": {"executed_lines": [31, 32, 33], "summary": {"covered_lines": 3, "num_statements": 3, "percent_covered": 100.0, "percent_covered_display": "100", "missing_lines": 0, "excluded_lines": 0, "percent_statements_covered": 100.0, "percent_statements_covered_display": "100"}, "missing_lines": [], "excluded_lines": [], "start_line": 23}, "MarketInsightError.__str__": {"executed_lines": [37, 38, 39], "summary": {"covered_lines": 3, "num_statements": 3, "percent_covered": 100.0, "percent_covered_display": "100", "missing_lines": 0, "excluded_lines": 0, "percent_statements_covered": 100.0, "percent_statements_covered_display": "100"}, "missing_lines": [], "excluded_lines": [], "start_line": 35}, "TickerValidationError.__init__": {"executed_lines": [64, 65, 66, 67, 69, 70], "summary": {"covered_lines": 6, "num_statements": 6, "percent_covered": 100.0, "percent_covered_display": "100", "missing_lines": 0, "excluded_lines": 0, "percent_statements_covered": 100.0, "percent_statements_covered_display": "100"}, "missing_lines": [], "excluded_lines": [], "start_line": 50}, "APIError.__init__": {"executed_lines": [], "summary": {"covered_lines": 0, "num_statements": 6, "percent_covered": 0.0, "percent_covered_display": "0", "missing_lines": 6, "excluded_lines": 0, "percent_statements_covered": 0.0, "percent_statements_covered_display": "0"}, "missing_lines": [95, 96, 97, 98, 100, 101], "excluded_lines": [], "start_line": 81}, "ExternalServiceError.__init__": {"executed_lines": [128, 129, 130, 131, 132, 133, 134, 136, 137], "summary": {"covered_lines": 9, "num_statements": 9, "percent_covered": 100.0, "percent_covered_display": "100", "missing_lines": 0, "excluded_lines": 0, "percent_statements_covered": 100.0, "percent_statements_covered_display": "100"}, "missing_lines": [], "excluded_lines": [], "start_line": 112}, "ValidationError.__init__": {"executed_lines": [165, 166, 167, 168, 170, 171], "summary": {"covered_lines": 6, "num_statements": 6, "percent_covered": 100.0, "percent_covered_display": "100", "missing_lines": 0, "excluded_lines": 0, "percent_statements_covered": 100.0, "percent_statements_covered_display": "100"}, "missing_lines": [], "excluded_lines": [], "start_line": 151}, "ConfigurationError.__init__": {"executed_lines": [], "summary": {"covered_lines": 0, "num_statements": 6, "percent_covered": 0.0, "percent_covered_display": "0", "missing_lines": 6, "excluded_lines": 0, "percent_statements_covered": 0.0, "percent_statements_covered_display": "0"}, "missing_lines": [196, 197, 198, 199, 201, 202], "excluded_lines": [], "start_line": 182}, "": {"executed_lines": [9, 10, 12, 15, 23, 35, 42, 50, 73, 81, 104, 112, 143, 151, 174, 182], "summary": {"covered_lines": 16, "num_statements": 16, "percent_covered": 100.0, "percent_covered_display": "100", "missing_lines": 0, "excluded_lines": 0, "percent_statements_covered": 100.0, "percent_statements_covered_display": "100"}, "missing_lines": [], "excluded_lines": [], "start_line": 1}}, "classes": {"MarketInsightError": {"executed_lines": [31, 32, 33, 37, 38, 39], "summary": {"covered_lines": 6, "num_statements": 6, "percent_covered": 100.0, "percent_covered_display": "100", "missing_lines": 0, "excluded_lines": 0, "percent_statements_covered": 100.0, "percent_statements_covered_display": "100"}, "missing_lines": [], "excluded_lines": [], "start_line": 15}, "TickerValidationError": {"executed_lines": [64, 65, 66, 67, 69, 70], "summary": {"covered_lines": 6, "num_statements": 6, "percent_covered": 100.0, "percent_covered_display": "100", "missing_lines": 0, "excluded_lines": 0, "percent_statements_covered": 100.0, "percent_statements_covered_display": "100"}, "missing_lines": [], "excluded_lines": [], "start_line": 42}, "APIError": {"executed_lines": [], "summary": {"covered_lines": 0, "num_statements": 6, "percent_covered": 0.0, "percent_covered_display": "0", "missing_lines": 6, "excluded_lines": 0, "percent_statements_covered": 0.0, "percent_statements_covered_display": "0"}, "missing_lines": [95, 96, 97, 98, 100, 101], "excluded_lines": [], "start_line": 73}, "ExternalServiceError": {"executed_lines": [128, 129, 130, 131, 132, 133, 134, 136, 137], "summary": {"covered_lines": 9, "num_statements": 9, "percent_covered": 100.0, "percent_covered_display": "100", "missing_lines": 0, "excluded_lines": 0, "percent_statements_covered": 100.0, "percent_statements_covered_display": "100"}, "missing_lines": [], "excluded_lines": [], "start_line": 104}, "ValidationError": {"executed_lines": [165, 166, 167, 168, 170, 171], "summary": {"covered_lines": 6, "num_statements": 6, "percent_covered": 100.0, "percent_covered_display": "100", "missing_lines": 0, "excluded_lines": 0, "percent_statements_covered": 100.0, "percent_statements_covered_display": "100"}, "missing_lines": [], "excluded_lines": [], "start_line": 143}, "ConfigurationError": {"executed_lines": [], "summary": {"covered_lines": 0, "num_statements": 6, "percent_covered": 0.0, "percent_covered_display": "0", "missing_lines": 6, "excluded_lines": 0, "percent_statements_covered": 0.0, "percent_statements_covered_display": "0"}, "missing_lines": [196, 197, 198, 199, 201, 202], "excluded_lines": [], "start_line": 174}, "": {"executed_lines": [9, 10, 12, 15, 23, 35, 42, 50, 73, 81, 104, 112, 143, 151, 174, 182], "summary": {"covered_lines": 16, "num_statements": 16, "percent_covered": 100.0, "percent_covered_display": "100", "missing_lines": 0, "excluded_lines": 0, "percent_statements_covered": 100.0, "percent_statements_covered_display": "100"}, "missing_lines": [], "excluded_lines": [], "start_line": 1}}}, "MarketInsight\\utils\\logger.py": {"executed_lines": [2, 3, 4, 7, 8, 10, 11, 12, 14, 17, 20, 21, 23, 24, 29, 30, 31, 33, 34, 35, 37, 38, 39, 40, 42, 44], "summary": {"covered_lines": 26, "num_statements": 26, "percent_covered": 100.0, "percent_covered_display": "100", "missing_lines": 0, "excluded_lines": 0, "percent_statements_covered": 100.0, "percent_statements_covered_display": "100"}, "missing_lines": [], "excluded_lines": [], "functions": {"get_logger": {"executed_lines": [20, 21, 23, 24, 29, 30, 31, 33, 34, 35, 37, 38, 39, 40, 42, 44], "summary": {"covered_lines": 16, "num_statements": 16, "percent_covered": 100.0, "percent_covered_display": "100", "missing_lines": 0, "excluded_lines": 0, "percent_statements_covered": 100.0, "percent_statements_covered_display": "100"}, "missing_lines": [], "excluded_lines": [], "start_line": 17}, "": {"executed_lines": [2, 3, 4, 7, 8, 10, 11, 12, 14, 17], "summary": {"covered_lines": 10, "num_statements": 10, "percent_covered": 100.0, "percent_covered_display": "100", "missing_lines": 0, "excluded_lines": 0, "percent_statements_covered": 100.0, "percent_statements_covered_display": "100"}, "missing_lines": [], "excluded_lines": [], "start_line": 1}}, "classes": {"": {"executed_lines": [2, 3, 4, 7, 8, 10, 11, 12, 14, 17, 20, 21, 23, 24, 29, 30, 31, 33, 34, 35, 37, 38, 39, 40, 42, 44], "summary": {"covered_lines": 26, "num_statements": 26, "percent_covered": 100.0, "percent_covered_display": "100", "missing_lines": 0, "excluded_lines": 0, "percent_statements_covered": 100.0, "percent_statements_covered_display": "100"}, "missing_lines": [], "excluded_lines": [], "start_line": 1}}}, "MarketInsight\\utils\\tools.py": {"executed_lines": [1, 2, 3, 4, 5, 6, 12, 13, 15, 16, 22, 23, 24, 27, 28, 29, 30, 32, 34, 35, 36, 37, 38, 40, 41, 42, 47, 48, 50, 51, 55, 56, 57, 58, 59, 68, 69, 70, 73, 74, 75, 76, 77, 78, 80, 81, 82, 83, 84, 86, 93, 94, 95, 97, 102, 104, 105, 106, 115, 116, 117, 120, 121, 122, 123, 125, 126, 127, 128, 129, 131, 132, 133, 138, 139, 140, 142, 143, 144, 145, 146, 155, 156, 157, 160, 161, 162, 163, 165, 166, 167, 168, 169, 171, 172, 173, 178, 179, 180, 182, 183, 184, 185, 186, 195, 196, 197, 200, 201, 202, 203, 205, 206, 207, 208, 209, 211, 212, 213, 218, 219, 220, 222, 223, 224, 225, 226, 235, 236, 237, 240, 241, 242, 243, 245, 246, 247, 248, 249, 251, 252, 253, 258, 259, 260, 262, 263, 264, 265, 266, 274, 275, 276, 279, 280, 281, 282, 284, 285, 286, 287, 288, 290, 291, 292, 297, 298, 299, 301, 302, 303, 304, 305, 313, 314, 315, 318, 319, 320, 321, 323, 324, 325, 326, 327, 329, 330, 331, 336, 337, 338, 340, 341, 342, 343, 344, 352, 353, 354, 357, 358, 359, 360, 362, 363, 364, 365, 366, 368, 369, 370, 379, 380, 381, 382, 383, 392, 393, 394, 397, 398, 399, 400, 402, 403, 404, 405, 406, 408, 409, 410, 415, 416, 417, 419, 420, 421, 422, 423, 431, 432, 433, 436, 437, 438, 439, 441, 442, 443, 444, 445, 447, 448, 449, 454, 455, 456, 458, 459, 460, 461, 462, 470, 471, 472, 475, 476, 477, 478, 480, 481, 482, 483, 484, 486, 487, 488, 493, 494, 495, 497, 498, 499, 500, 501, 509, 510, 511, 514, 515, 516, 517, 519, 520, 521, 522, 523, 525, 526, 527, 532, 533, 534, 536, 537, 538, 539, 540, 548, 549, 550, 553, 554, 555, 556, 558, 559, 560, 561, 562, 564, 565, 566, 571, 572, 573, 575, 576, 577, 578, 579, 587, 588, 589, 592, 593, 594, 595, 597, 598, 599, 600, 601, 603, 604, 605, 610, 611, 612, 614, 615, 616, 617, 618, 626, 627, 628, 630, 631, 632, 637, 638, 639, 640, 641, 643, 644, 645, 646, 647, 651, 652, 653, 654, 656, 657, 663, 664, 665, 666, 667, 671, 672, 673], "summary": {"covered_lines": 384, "num_statements": 391, "percent_covered": 98.20971867007673, "percent_covered_display": "98", "missing_lines": 7, "excluded_lines": 0, "percent_statements_covered": 98.20971867007673, "percent_statements_covered_display": "98"}, "missing_lines": [87, 88, 98, 103, 375, 376, 377], "excluded_lines": [], "functions": {"get_stock_price": {"executed_lines": [24, 27, 28, 29, 30, 32, 34, 35, 36, 37, 38, 40, 41, 42, 47, 48, 50, 51, 55, 56, 57, 58, 59], "summary": {"covered_lines": 23, "num_statements": 23, "percent_covered": 100.0, "percent_covered_display": "100", "missing_lines": 0, "excluded_lines": 0, "percent_statements_covered": 100.0, "percent_statements_covered_display": "100"}, "missing_lines": [], "excluded_lines": [], "start_line": 23}, "get_historical_data": {"executed_lines": [70, 73, 74, 75, 76, 77, 78, 80, 81, 82, 83, 84, 86, 93, 94, 95, 97, 102, 104, 105, 106], "summary": {"covered_lines": 21, "num_statements": 25, "percent_covered": 84.0, "percent_covered_display": "84", "missing_lines": 4, "excluded_lines": 0, "percent_statements_covered": 84.0, "percent_statements_covered_display": "84"}, "missing_lines": [87, 88, 98, 103], "excluded_lines": [], "start_line": 69}, "get_stock_news": {"executed_lines": [117, 120, 121, 122, 123, 125, 126, 127, 128, 129, 131, 132, 133, 138, 139, 140, 142, 143, 144, 145, 146], "summary": {"covered_lines": 21, "num_statements": 21, "percent_covered": 100.0, "percent_covered_display": "100", "missing_lines": 0, "excluded_lines": 0, "percent_statements_covered": 100.0, "percent_statements_covered_display": "100"}, "missing_lines": [], "excluded_lines": [], "start_line": 116}, "get_balance_sheet": {"executed_lines": [157, 160, 161, 162, 163, 165, 166, 167, 168, 169, 171, 172, 173, 178, 179, 180, 182, 183, 184, 185, 186], "summary": {"covered_lines": 21, "num_statements": 21, "percent_covered": 100.0, "percent_covered_display": "100", "missing_lines": 0, "excluded_lines": 0, "percent_statements_covered": 100.0, "percent_statements_covered_display": "100"}, "missing_lines": [], "excluded_lines": [], "start_line": 156}, "get_income_statement": {"executed_lines": [197, 200, 201, 202, 203, 205, 206, 207, 208, 209, 211, 212, 213, 218, 219, 220, 222, 223, 224, 225, 226], "summary": {"covered_lines": 21, "num_statements": 21, "percent_covered": 100.0, "percent_covered_display": "100", "missing_lines": 0, "excluded_lines": 0, "percent_statements_covered": 100.0, "percent_statements_covered_display": "100"}, "missing_lines": [], "excluded_lines": [], "start_line": 196}, "get_cash_flow": {"executed_lines": [237, 240, 241, 242, 243, 245, 246, 247, 248, 249, 251, 252, 253, 258, 259, 260, 262, 263, 264, 265, 266], "summary": {"covered_lines": 21, "num_statements": 21, "percent_covered": 100.0, "percent_covered_display": "100", "missing_lines": 0, "excluded_lines": 0, "percent_statements_covered": 100.0, "percent_statements_covered_display": "100"}, "missing_lines": [], "excluded_lines": [], "start_line": 236}, "get_company_info": {"executed_lines": [276, 279, 280, 281, 282, 284, 285, 286, 287, 288, 290, 291, 292, 297, 298, 299, 301, 302, 303, 304, 305], "summary": {"covered_lines": 21, "num_statements": 21, "percent_covered": 100.0, "percent_covered_display": "100", "missing_lines": 0, "excluded_lines": 0, "percent_statements_covered": 100.0, "percent_statements_covered_display": "100"}, "missing_lines": [], "excluded_lines": [], "start_line": 275}, "get_dividends": {"executed_lines": [315, 318, 319, 320, 321, 323, 324, 325, 326, 327, 329, 330, 331, 336, 337, 338, 340, 341, 342, 343, 344], "summary": {"covered_lines": 21, "num_statements": 21, "percent_covered": 100.0, "percent_covered_display": "100", "missing_lines": 0, "excluded_lines": 0, "percent_statements_covered": 100.0, "percent_statements_covered_display": "100"}, "missing_lines": [], "excluded_lines": [], "start_line": 314}, "get_splits": {"executed_lines": [354, 357, 358, 359, 360, 362, 363, 364, 365, 366, 368, 369, 370, 379, 380, 381, 382, 383], "summary": {"covered_lines": 18, "num_statements": 21, "percent_covered": 85.71428571428571, "percent_covered_display": "86", "missing_lines": 3, "excluded_lines": 0, "percent_statements_covered": 85.71428571428571, "percent_statements_covered_display": "86"}, "missing_lines": [375, 376, 377], "excluded_lines": [], "start_line": 353}, "get_institutional_holders": {"executed_lines": [394, 397, 398, 399, 400, 402, 403, 404, 405, 406, 408, 409, 410, 415, 416, 417, 419, 420, 421, 422, 423], "summary": {"covered_lines": 21, "num_statements": 21, "percent_covered": 100.0, "percent_covered_display": "100", "missing_lines": 0, "excluded_lines": 0, "percent_statements_covered": 100.0, "percent_statements_covered_display": "100"}, "missing_lines": [], "excluded_lines": [], "start_line": 393}, "get_major_shareholders": {"executed_lines": [433, 436, 437, 438, 439, 441, 442, 443, 444, 445, 447, 448, 449, 454, 455, 456, 458, 459, 460, 461, 462], "summary": {"covered_lines": 21, "num_statements": 21, "percent_covered": 100.0, "percent_covered_display": "100", "missing_lines": 0, "excluded_lines": 0, "percent_statements_covered": 100.0, "percent_statements_covered_display": "100"}, "missing_lines": [], "excluded_lines": [], "start_line": 432}, "get_mutual_fund_holders": {"executed_lines": [472, 475, 476, 477, 478, 480, 481, 482, 483, 484, 486, 487, 488, 493, 494, 495, 497, 498, 499, 500, 501], "summary": {"covered_lines": 21, "num_statements": 21, "percent_covered": 100.0, "percent_covered_display": "100", "missing_lines": 0, "excluded_lines": 0, "percent_statements_covered": 100.0, "percent_statements_covered_display": "100"}, "missing_lines": [], "excluded_lines": [], "start_line": 471}, "get_insider_transactions": {"executed_lines": [511, 514, 515, 516, 517, 519, 520, 521, 522, 523, 525, 526, 527, 532, 533, 534, 536, 537, 538, 539, 540], "summary": {"covered_lines": 21, "num_statements": 21, "percent_covered": 100.0, "percent_covered_display": "100", "missing_lines": 0, "excluded_lines": 0, "percent_statements_covered": 100.0, "percent_statements_covered_display": "100"}, "missing_lines": [], "excluded_lines": [], "start_line": 510}, "get_analyst_recommendations": {"executed_lines": [550, 553, 554, 555, 556, 558, 559, 560, 561, 562, 564, 565, 566, 571, 572, 573, 575, 576, 577, 578, 579], "summary": {"covered_lines": 21, "num_statements": 21, "percent_covered": 100.0, "percent_covered_display": "100", "missing_lines": 0, "excluded_lines": 0, "percent_statements_covered": 100.0, "percent_statements_covered_display": "100"}, "missing_lines": [], "excluded_lines": [], "start_line": 549}, "get_analyst_recommendations_summary": {"executed_lines": [589, 592, 593, 594, 595, 597, 598, 599, 600, 601, 603, 604, 605, 610, 611, 612, 614, 615, 616, 617, 618], "summary": {"covered_lines": 21, "num_statements": 21, "percent_covered": 100.0, "percent_covered_display": "100", "missing_lines": 0, "excluded_lines": 0, "percent_statements_covered": 100.0, "percent_statements_covered_display": "100"}, "missing_lines": [], "excluded_lines": [], "start_line": 588}, "get_ticker": {"executed_lines": [628, 630, 631, 632, 637, 638, 639, 640, 641, 643, 644, 645, 646, 647, 651, 652, 653, 654, 656, 657, 663, 664, 665, 666, 667, 671, 672, 673], "summary": {"covered_lines": 28, "num_statements": 28, "percent_covered": 100.0, "percent_covered_display": "100", "missing_lines": 0, "excluded_lines": 0, "percent_statements_covered": 100.0, "percent_statements_covered_display": "100"}, "missing_lines": [], "excluded_lines": [], "start_line": 627}, "": {"executed_lines": [1, 2, 3, 4, 5, 6, 12, 13, 15, 16, 22, 23, 68, 69, 115, 116, 155, 156, 195, 196, 235, 236, 274, 275, 313, 314, 352, 353, 392, 393, 431, 432, 470, 471, 509, 510, 548, 549, 587, 588, 626, 627], "summary": {"covered_lines": 42, "num_statements": 42, "percent_covered": 100.0, "percent_covered_display": "100", "missing_lines": 0, "excluded_lines": 0, "percent_statements_covered": 100.0, "percent_statements_covered_display": "100"}, "missing_lines": [], "excluded_lines": [], "start_line": 1}}, "classes": {"": {"executed_lines": [1, 2, 3, 4, 5, 6, 12, 13, 15, 16, 22, 23, 24, 27, 28, 29, 30, 32, 34, 35, 36, 37, 38, 40, 41, 42, 47, 48, 50, 51, 55, 56, 57, 58, 59, 68, 69, 70, 73, 74, 75, 76, 77, 78, 80, 81, 82, 83, 84, 86, 93, 94, 95, 97, 102, 104, 105, 106, 115, 116, 117, 120, 121, 122, 123, 125, 126, 127, 128, 129, 131, 132, 133, 138, 139, 140, 142, 143, 144, 145, 146, 155, 156, 157, 160, 161, 162, 163, 165, 166, 167, 168, 169, 171, 172, 173, 178, 179, 180, 182, 183, 184, 185, 186, 195, 196, 197, 200, 201, 202, 203, 205, 206, 207, 208, 209, 211, 212, 213, 218, 219, 220, 222, 223, 224, 225, 226, 235, 236, 237, 240, 241, 242, 243, 245, 246, 247, 248, 249, 251, 252, 253, 258, 259, 260, 262, 263, 264, 265, 266, 274, 275, 276, 279, 280, 281, 282, 284, 285, 286, 287, 288, 290, 291, 292, 297, 298, 299, 301, 302, 303, 304, 305, 313, 314, 315, 318, 319, 320, 321, 323, 324, 325, 326, 327, 329, 330, 331, 336, 337, 338, 340, 341, 342, 343, 344, 352, 353, 354, 357, 358, 359, 360, 362, 363, 364, 365, 366, 368, 369, 370, 379, 380, 381, 382, 383, 392, 393, 394, 397, 398, 399, 400, 402, 403, 404, 405, 406, 408, 409, 410, 415, 416, 417, 419, 420, 421, 422, 423, 431, 432, 433, 436, 437, 438, 439, 441, 442, 443, 444, 445, 447, 448, 449, 454, 455, 456, 458, 459, 460, 461, 462, 470, 471, 472, 475, 476, 477, 478, 480, 481, 482, 483, 484, 486, 487, 488, 493, 494, 495, 497, 498, 499, 500, 501, 509, 510, 511, 514, 515, 516, 517, 519, 520, 521, 522, 523, 525, 526, 527, 532, 533, 534, 536, 537, 538, 539, 540, 548, 549, 550, 553, 554, 555, 556, 558, 559, 560, 561, 562, 564, 565, 566, 571, 572, 573, 575, 576, 577, 578, 579, 587, 588, 589, 592, 593, 594, 595, 597, 598, 599, 600, 601, 603, 604, 605, 610, 611, 612, 614, 615, 616, 617, 618, 626, 627, 628, 630, 631, 632, 637, 638, 639, 640, 641, 643, 644, 645, 646, 647, 651, 652, 653, 654, 656, 657, 663, 664, 665, 666, 667, 671, 672, 673], "summary": {"covered_lines": 384, "num_statements": 391, "percent_covered": 98.20971867007673, "percent_covered_display": "98", "missing_lines": 7, "excluded_lines": 0, "percent_statements_covered": 98.20971867007673, "percent_statements_covered_display": "98"}, "missing_lines": [87, 88, 98, 103, 375, 376, 377], "excluded_lines": [], "start_line": 1}}}, "MarketInsight\\utils\\validators.py": {"executed_lines": [9, 10, 11, 12, 14, 20, 36, 39, 40, 41, 47, 48, 49, 55, 58, 59, 60, 66, 67, 68, 75, 76, 77, 83, 86, 87, 88, 93, 94, 100, 117, 120, 121, 122, 128, 129, 130, 136, 139, 140, 141, 147, 148, 149, 155, 159, 165, 168, 178, 179, 180, 182, 185, 192, 193, 199, 216, 218, 221, 222, 223, 229, 230, 231, 237, 240, 241, 242, 248, 249, 250, 251, 252, 257, 258, 264, 281, 284, 285, 286, 292, 293, 294, 295, 296, 302, 303, 304, 309, 310], "summary": {"covered_lines": 90, "num_statements": 92, "percent_covered": 97.82608695652173, "percent_covered_display": "98", "missing_lines": 2, "excluded_lines": 0, "percent_statements_covered": 97.82608695652173, "percent_statements_covered_display": "98"}, "missing_lines": [186, 187], "excluded_lines": [], "functions": {"validate_ticker": {"executed_lines": [36, 39, 40, 41, 47, 48, 49, 55, 58, 59, 60, 66, 67, 68, 75, 76, 77, 83, 86, 87, 88, 93, 94], "summary": {"covered_lines": 23, "num_statements": 23, "percent_covered": 100.0, "percent_covered_display": "100", "missing_lines": 0, "excluded_lines": 0, "percent_statements_covered": 100.0, "percent_statements_covered_display": "100"}, "missing_lines": [], "excluded_lines": [], "start_line": 20}, "sanitize_input": {"executed_lines": [117, 120, 121, 122, 128, 129, 130, 136, 139, 140, 141, 147, 148, 149, 155, 159, 165, 168, 178, 179, 180, 182, 185, 192, 193], "summary": {"covered_lines": 25, "num_statements": 27, "percent_covered": 92.5925925925926, "percent_covered_display": "93", "missing_lines": 2, "excluded_lines": 0, "percent_statements_covered": 92.5925925925926, "percent_statements_covered_display": "93"}, "missing_lines": [186, 187], "excluded_lines": [], "start_line": 100}, "validate_date_string": {"executed_lines": [216, 218, 221, 222, 223, 229, 230, 231, 237, 240, 241, 242, 248, 249, 250, 251, 252, 257, 258], "summary": {"covered_lines": 19, "num_statements": 19, "percent_covered": 100.0, "percent_covered_display": "100", "missing_lines": 0, "excluded_lines": 0, "percent_statements_covered": 100.0, "percent_statements_covered_display": "100"}, "missing_lines": [], "excluded_lines": [], "start_line": 199}, "validate_positive_number": {"executed_lines": [281, 284, 285, 286, 292, 293, 294, 295, 296, 302, 303, 304, 309, 310], "summary": {"covered_lines": 14, "num_statements": 14, "percent_covered": 100.0, "percent_covered_display": "100", "missing_lines": 0, "excluded_lines": 0, "percent_statements_covered": 100.0, "percent_statements_covered_display": "100"}, "missing_lines": [], "excluded_lines": [], "start_line": 264}, "": {"executed_lines": [9, 10, 11, 12, 14, 20, 100, 199, 264], "summary": {"covered_lines": 9, "num_statements": 9, "percent_covered": 100.0, "percent_covered_display": "100", "missing_lines": 0, "excluded_lines": 0, "percent_statements_covered": 100.0, "percent_statements_covered_display": "100"}, "missing_lines": [], "excluded_lines": [], "start_line": 1}}, "classes": {"": {"executed_lines": [9, 10, 11, 12, 14, 20, 36, 39, 40, 41, 47, 48, 49, 55, 58, 59, 60, 66, 67, 68, 75, 76, 77, 83, 86, 87, 88, 93, 94, 100, 117, 120, 121, 122, 128, 129, 130, 136, 139, 140, 141, 147, 148, 149, 155, 159, 165, 168, 178, 179, 180, 182, 185, 192, 193, 199, 216, 218, 221, 222, 223, 229, 230, 231, 237, 240, 241, 242, 248, 249, 250, 251, 252, 257, 258, 264, 281, 284, 285, 286, 292, 293, 294, 295, 296, 302, 303, 304, 309, 310], "summary": {"covered_lines": 90, "num_statements": 92, "percent_covered": 97.82608695652173, "percent_covered_display": "98", "missing_lines": 2, "excluded_lines": 0, "percent_statements_covered": 97.82608695652173, "percent_statements_covered_display": "98"}, "missing_lines": [186, 187], "excluded_lines": [], "start_line": 1}}}, "config\\__init__.py": {"executed_lines": [], "summary": {"covered_lines": 0, "num_statements": 0, "percent_covered": 100.0, "percent_covered_display": "100", "missing_lines": 0, "excluded_lines": 0, "percent_statements_covered": 100.0, "percent_statements_covered_display": "100"}, "missing_lines": [], "excluded_lines": [], "functions": {"": {"executed_lines": [], "summary": {"covered_lines": 0, "num_statements": 0, "percent_covered": 100.0, "percent_covered_display": "100", "missing_lines": 0, "excluded_lines": 0, "percent_statements_covered": 100.0, "percent_statements_covered_display": "100"}, "missing_lines": [], "excluded_lines": [], "start_line": 1}}, "classes": {"": {"executed_lines": [], "summary": {"covered_lines": 0, "num_statements": 0, "percent_covered": 100.0, "percent_covered_display": "100", "missing_lines": 0, "excluded_lines": 0, "percent_statements_covered": 100.0, "percent_statements_covered_display": "100"}, "missing_lines": [], "excluded_lines": [], "start_line": 1}}}, "config\\config.py": {"executed_lines": [9, 10, 11, 21, 25, 30, 31, 43, 44, 45, 46, 53, 55, 56, 57, 60, 62, 63, 64, 67, 69, 70, 71, 74, 76, 77, 78, 79], "summary": {"covered_lines": 28, "num_statements": 28, "percent_covered": 100.0, "percent_covered_display": "100", "missing_lines": 0, "excluded_lines": 0, "percent_statements_covered": 100.0, "percent_statements_covered_display": "100"}, "missing_lines": [], "excluded_lines": [], "functions": {"": {"executed_lines": [9, 10, 11, 21, 25, 30, 31, 43, 44, 45, 46, 53, 55, 56, 57, 60, 62, 63, 64, 67, 69, 70, 71, 74, 76, 77, 78, 79], "summary": {"covered_lines": 28, "num_statements": 28, "percent_covered": 100.0, "percent_covered_display": "100", "missing_lines": 0, "excluded_lines": 0, "percent_statements_covered": 100.0, "percent_statements_covered_display": "100"}, "missing_lines": [], "excluded_lines": [], "start_line": 1}}, "classes": {"PromptObject": {"executed_lines": [], "summary": {"covered_lines": 0, "num_statements": 0, "percent_covered": 100.0, "percent_covered_display": "100", "missing_lines": 0, "excluded_lines": 0, "percent_statements_covered": 100.0, "percent_statements_covered_display": "100"}, "missing_lines": [], "excluded_lines": [], "start_line": 53}, "RequestObject": {"executed_lines": [], "summary": {"covered_lines": 0, "num_statements": 0, "percent_covered": 100.0, "percent_covered_display": "100", "missing_lines": 0, "excluded_lines": 0, "percent_statements_covered": 100.0, "percent_statements_covered_display": "100"}, "missing_lines": [], "excluded_lines": [], "start_line": 60}, "ErrorResponse": {"executed_lines": [], "summary": {"covered_lines": 0, "num_statements": 0, "percent_covered": 100.0, "percent_covered_display": "100", "missing_lines": 0, "excluded_lines": 0, "percent_statements_covered": 100.0, "percent_statements_covered_display": "100"}, "missing_lines": [], "excluded_lines": [], "start_line": 67}, "ValidationErrorResponse": {"executed_lines": [], "summary": {"covered_lines": 0, "num_statements": 0, "percent_covered": 100.0, "percent_covered_display": "100", "missing_lines": 0, "excluded_lines": 0, "percent_statements_covered": 100.0, "percent_statements_covered_display": "100"}, "missing_lines": [], "excluded_lines": [], "start_line": 74}, "": {"executed_lines": [9, 10, 11, 21, 25, 30, 31, 43, 44, 45, 46, 53, 55, 56, 57, 60, 62, 63, 64, 67, 69, 70, 71, 74, 76, 77, 78, 79], "summary": {"covered_lines": 28, "num_statements": 28, "percent_covered": 100.0, "percent_covered_display": "100", "missing_lines": 0, "excluded_lines": 0, "percent_statements_covered": 100.0, "percent_statements_covered_display": "100"}, "missing_lines": [], "excluded_lines": [], "start_line": 1}}}, "main.py": {"executed_lines": [1, 2, 3, 4, 5, 6, 7, 8, 9, 10, 11, 12, 13, 14, 15, 16, 17, 19, 20, 21, 24, 27, 28, 37, 39, 46, 47, 49, 52, 53, 54, 62, 63, 64, 65, 66, 75, 76, 77, 79, 85, 88, 95, 96, 110, 113, 115, 116, 117, 119, 125], "summary": {"covered_lines": 51, "num_statements": 55, "percent_covered": 92.72727272727273, "percent_covered_display": "93", "missing_lines": 4, "excluded_lines": 0, "percent_statements_covered": 92.72727272727273, "percent_statements_covered_display": "93"}, "missing_lines": [106, 107, 126, 127], "excluded_lines": [], "functions": {"health_check": {"executed_lines": [49], "summary": {"covered_lines": 1, "num_statements": 1, "percent_covered": 100.0, "percent_covered_display": "100", "missing_lines": 0, "excluded_lines": 0, "percent_statements_covered": 100.0, "percent_statements_covered_display": "100"}, "missing_lines": [], "excluded_lines": [], "start_line": 47}, "chat": {"executed_lines": [62, 63, 64, 65, 66, 75, 76, 119], "summary": {"covered_lines": 8, "num_statements": 8, "percent_covered": 100.0, "percent_covered_display": "100", "missing_lines": 0, "excluded_lines": 0, "percent_statements_covered": 100.0, "percent_statements_covered_display": "100"}, "missing_lines": [], "excluded_lines": [], "start_line": 54}, "chat.generate": {"executed_lines": [77, 79, 85, 88, 95, 96, 110, 113, 115, 116, 117], "summary": {"covered_lines": 11, "num_statements": 13, "percent_covered": 84.61538461538461, "percent_covered_display": "85", "missing_lines": 2, "excluded_lines": 0, "percent_statements_covered": 84.61538461538461, "percent_statements_covered_display": "85"}, "missing_lines": [106, 107], "excluded_lines": [], "start_line": 76}, "": {"executed_lines": [1, 2, 3, 4, 5, 6, 7, 8, 9, 10, 11, 12, 13, 14, 15, 16, 17, 19, 20, 21, 24, 27, 28, 37, 39, 46, 47, 52, 53, 54, 125], "summary": {"covered_lines": 31, "num_statements": 33, "percent_covered": 93.93939393939394, "percent_covered_display": "94", "missing_lines": 2, "excluded_lines": 0, "percent_statements_covered": 93.93939393939394, "percent_statements_covered_display": "94"}, "missing_lines": [126, 127], "excluded_lines": [], "start_line": 1}}, "classes": {"": {"executed_lines": [1, 2, 3, 4, 5, 6, 7, 8, 9, 10, 11, 12, 13, 14, 15, 16, 17, 19, 20, 21, 24, 27, 28, 37, 39, 46, 47, 49, 52, 53, 54, 62, 63, 64, 65, 66, 75, 76, 77, 79, 85, 88, 95, 96, 110, 113, 115, 116, 117, 119, 125], "summary": {"covered_lines": 51, "num_statements": 55, "percent_covered": 92.72727272727273, "percent_covered_display": "93", "missing_lines": 4, "excluded_lines": 0, "percent_statements_covered": 92.72727272727273, "percent_statements_covered_display": "93"}, "missing_lines": [106, 107, 126, 127], "excluded_lines": [], "start_line": 1}}}}, "totals": {"covered_lines": 634, "num_statements": 659, "percent_covered": 96.20637329286798, "percent_covered_display": "96", "missing_lines": 25, "excluded_lines": 0, "percent_statements_covered": 96.20637329286798, "percent_statements_covered_display": "96"}}