{"meta": {"format": 3, "version": "7.13.2", "timestamp": "2026-02-03T17:21:16.782671", "branch_coverage": false, "show_contexts": false}, "files": {"MarketInsight\\__init__.py": {"executed_lines": [], "summary": {"covered_lines": 0, "num_statements": 0, "percent_covered": 100.0, "percent_covered_display": "100", "missing_lines": 0, "excluded_lines": 0, "percent_statements_covered": 100.0, "percent_statements_covered_display": "100"}, "missing_lines": [], "excluded_lines": [], "functions": {"": {"executed_lines": [], "summary": {"covered_lines": 0, "num_statements": 0, "percent_covered": 100.0, "percent_covered_display": "100", "missing_lines": 0, "excluded_lines": 0, "percent_statements_covered": 100.0, "percent_statements_covered_display": "100"}, "missing_lines": [], "excluded_lines": [], "start_line": 1}}, "classes": {"": {"executed_lines": [], "summary": {"covered_lines": 0, "num_statements": 0, "percent_covered": 100.0, "percent_covered_display": "100", "missing_lines": 0, "excluded_lines": 0, "percent_statements_covered": 100.0, "percent_statements_covered_display": "100"}, "missing_lines": [], "excluded_lines": [], "start_line": 1}}}, "MarketInsight\\components\\__init__.py": {"executed_lines": [], "summary": {"covered_lines": 0, "num_statements": 0, "percent_covered": 100.0, "percent_covered_display": "100", "missing_lines": 0, "excluded_lines": 0, "percent_statements_covered": 100.0, "percent_statements_covered_display": "100"}, "missing_lines": [], "excluded_lines": [], "functions": {"": {"executed_lines": [], "summary": {"covered_lines": 0, "num_statements": 0, "percent_covered": 100.0, "percent_covered_display": "100", "missing_lines": 0, "excluded_lines": 0, "percent_statements_covered": 100.0, "percent_statements_covered_display": "100"}, "missing_lines": [], "excluded_lines": [], "start_line": 1}}, "classes": {"": {"executed_lines": [], "summary": {"covered_lines": 0, "num_statements": 0, "percent_covered": 100.0, "percent_covered_display": "100", "missing_lines": 0, "excluded_lines": 0, "percent_statements_covered": 100.0, "percent_statements_covered_display": "100"}, "missing_lines": [], "excluded_lines": [], "start_line": 1}}}, "MarketInsight\\components\\agent.py": {"executed_lines": [1, 2, 3, 4, 5, 6, 7, 9, 10, 12, 17, 25], "summary": {"covered_lines": 12, "num_statements": 12, "percent_covered": 100.0, "percent_covered_display": "100", "missing_lines": 0, "excluded_lines": 0, "percent_statements_covered": 100.0, "percent_statements_covered_display": "100"}, "missing_lines": [], "excluded_lines": [], "functions": {"": {"executed_lines": [1, 2, 3, 4, 5, 6, 7, 9, 10, 12, 17, 25], "summary": {"covered_lines": 12, "num_statements": 12, "percent_covered": 100.0, "percent_covered_display": "100", "missing_lines": 0, "excluded_lines": 0, "percent_statements_covered": 100.0, "percent_statements_covered_display": "100"}, "missing_lines": [], "excluded_lines": [], "start_line": 1}}, "classes": {"": {"executed_lines": [1, 2, 3, 4, 5, 6, 7, 9, 10, 12, 17, 25], "summary": {"covered_lines": 12, "num_statements": 12, "percent_covered": 100.0, "percent_covered_display": "100", "missing_lines": 0, "excluded_lines": 0, "percent_statements_covered": 100.0, "percent_statements_covered_display": "100"}, "missing_lines": [], "excluded_lines": [], "start_line": 1}}}, "MarketInsight\\utils\\__init__.py": {"executed_lines": [], "summary": {"covered_lines": 0, "num_statements": 0, "percent_covered": 100.0, "percent_covered_display": "100", "missing_lines": 0, "excluded_lines": 0, "percent_statements_covered": 100.0, "percent_statements_covered_display": "100"}, "missing_lines": [], "excluded_lines": [], "functions": {"": {"executed_lines": [], "summary": {"covered_lines": 0, "num_statements": 0, "percent_covered": 100.0, "percent_covered_display": "100", "missing_lines": 0, "excluded_lines": 0, "percent_statements_covered": 100.0, "percent_statements_covered_display": "100"}, "missing_lines": [], "excluded_lines": [], "start_line": 1}}, "classes": {"": {"executed_lines": [], "summary": {"covered_lines": 0, "num_statements": 0, "percent_covered": 100.0, "percent_covered_display": "100", "missing_lines": 0, "excluded_lines": 0, "percent_statements_covered": 100.0, "percent_statements_covered_display": "100"}, "missing_lines": [], "excluded_lines": [], "start_line": 1}}}, "MarketInsight\\utils\\logger.py": {"executed_lines": [2, 3, 4, 7, 8, 10, 11, 12, 14, 17, 20, 21, 23, 24, 29, 30, 31, 33, 34, 35, 37, 38, 39, 40, 42, 44], "summary": {"covered_lines": 26, "num_statements": 26, "percent_covered": 100.0, "percent_covered_display": "100", "missing_lines": 0, "excluded_lines": 0, "percent_statements_covered": 100.0, "percent_statements_covered_display": "100"}, "missing_lines": [], "excluded_lines": [], "functions": {"get_logger": {"executed_lines": [20, 21, 23, 24, 29, 30, 31, 33, 34, 35, 37, 38, 39, 40, 42, 44], "summary": {"covered_lines": 16, "num_statements": 16, "percent_covered": 100.0, "percent_covered_display": "100", "missing_lines": 0, "excluded_lines": 0, "percent_statements_covered": 100.0, "percent_statements_covered_display": "100"}, "missing_lines": [], "excluded_lines": [], "start_line": 17}, "": {"executed_lines": [2, 3, 4, 7, 8, 10, 11, 12, 14, 17], "summary": {"covered_lines": 10, "num_statements": 10, "percent_covered": 100.0, "percent_covered_display": "100", "missing_lines": 0, "excluded_lines": 0, "percent_statements_covered": 100.0, "percent_statements_covered_display": "100"}, "missing_lines": [], "excluded_lines": [], "start_line": 1}}, "classes": {"": {"executed_lines": [2, 3, 4, 7, 8, 10, 11, 12, 14, 17, 20, 21, 23, 24, 29, 30, 31, 33, 34, 35, 37, 38, 39, 40, 42, 44], "summary": {"covered_lines": 26, "num_statements": 26, "percent_covered": 100.0, "percent_covered_display": "100", "missing_lines": 0, "excluded_lines": 0, "percent_statements_covered": 100.0, "percent_statements_covered_display": "100"}, "missing_lines": [], "excluded_lines": [], "start_line": 1}}}, "MarketInsight\\utils\\tools.py": {"executed_lines": [1, 2, 3, 4, 5, 7, 13, 14, 15, 17, 18, 20, 22, 23, 24, 25, 27, 28, 30, 31, 33, 34, 35, 41, 42, 43, 45, 46, 48, 49, 50, 51, 53, 56, 57, 58, 60, 61, 62, 68, 69, 70, 72, 73, 75, 76, 77, 78, 80, 81, 83, 84, 85, 87, 88, 89, 95, 96, 97, 99, 100, 102, 103, 104, 105, 107, 110, 111, 112, 114, 115, 116, 122, 123, 124, 126, 127, 129, 130, 131, 132, 134, 137, 138, 139, 141, 142, 143, 149, 150, 151, 153, 154, 156, 157, 158, 159, 161, 164, 165, 166, 168, 169, 170, 175, 176, 177, 179, 180, 182, 183, 184, 185, 187, 188, 190, 191, 192, 194, 195, 196, 201, 202, 203, 205, 206, 208, 209, 210, 211, 213, 216, 217, 218, 220, 221, 222, 227, 228, 229, 231, 232, 234, 235, 236, 237, 239, 242, 243, 244, 246, 247, 248, 254, 255, 256, 258, 259, 261, 262, 263, 264, 266, 269, 270, 271, 273, 274, 275, 280, 281, 282, 284, 285, 287, 288, 289, 290, 292, 295, 296, 297, 299, 300, 301, 306, 307, 308, 310, 311, 313, 314, 315, 316, 318, 321, 322, 323, 325, 326, 327, 332, 333, 334, 336, 337, 339, 340, 341, 342, 344, 347, 348, 349, 351, 352, 353, 358, 359, 360, 362, 363, 365, 366, 367, 368, 370, 373, 374, 375, 377, 378, 379, 384, 385, 386, 388, 389, 391, 392, 393, 394, 396, 399, 400, 401, 403, 404, 405, 410, 411, 412, 414, 415, 417, 418, 419, 420, 422, 423, 424, 425, 426, 427, 429, 431, 432, 433], "summary": {"covered_lines": 268, "num_statements": 280, "percent_covered": 95.71428571428571, "percent_covered_display": "96", "missing_lines": 12, "excluded_lines": 0, "percent_statements_covered": 95.71428571428571, "percent_statements_covered_display": "96"}, "missing_lines": [54, 108, 135, 162, 214, 240, 267, 293, 319, 345, 371, 397], "excluded_lines": [], "functions": {"get_stock_price": {"executed_lines": [15, 17, 18, 20, 22, 23, 24, 25, 27, 28, 30, 31, 33, 34, 35], "summary": {"covered_lines": 15, "num_statements": 15, "percent_covered": 100.0, "percent_covered_display": "100", "missing_lines": 0, "excluded_lines": 0, "percent_statements_covered": 100.0, "percent_statements_covered_display": "100"}, "missing_lines": [], "excluded_lines": [], "start_line": 14}, "get_historical_data": {"executed_lines": [43, 45, 46, 48, 49, 50, 51, 53, 56, 57, 58, 60, 61, 62], "summary": {"covered_lines": 14, "num_statements": 15, "percent_covered": 93.33333333333333, "percent_covered_display": "93", "missing_lines": 1, "excluded_lines": 0, "percent_statements_covered": 93.33333333333333, "percent_statements_covered_display": "93"}, "missing_lines": [54], "excluded_lines": [], "start_line": 42}, "get_stock_news": {"executed_lines": [70, 72, 73, 75, 76, 77, 78, 80, 81, 83, 84, 85, 87, 88, 89], "summary": {"covered_lines": 15, "num_statements": 15, "percent_covered": 100.0, "percent_covered_display": "100", "missing_lines": 0, "excluded_lines": 0, "percent_statements_covered": 100.0, "percent_statements_covered_display": "100"}, "missing_lines": [], "excluded_lines": [], "start_line": 69}, "get_balance_sheet": {"executed_lines": [97, 99, 100, 102, 103, 104, 105, 107, 110, 111, 112, 114, 115, 116], "summary": {"covered_lines": 14, "num_statements": 15, "percent_covered": 93.33333333333333, "percent_covered_display": "93", "missing_lines": 1, "excluded_lines": 0, "percent_statements_covered": 93.33333333333333, "percent_statements_covered_display": "93"}, "missing_lines": [108], "excluded_lines": [], "start_line": 96}, "get_income_statement": {"executed_lines": [124, 126, 127, 129, 130, 131, 132, 134, 137, 138, 139, 141, 142, 143], "summary": {"covered_lines": 14, "num_statements": 15, "percent_covered": 93.33333333333333, "percent_covered_display": "93", "missing_lines": 1, "excluded_lines": 0, "percent_statements_covered": 93.33333333333333, "percent_statements_covered_display": "93"}, "missing_lines": [135], "excluded_lines": [], "start_line": 123}, "get_cash_flow": {"executed_lines": [151, 153, 154, 156, 157, 158, 159, 161, 164, 165, 166, 168, 169, 170], "summary": {"covered_lines": 14, "num_statements": 15, "percent_covered": 93.33333333333333, "percent_covered_display": "93", "missing_lines": 1, "excluded_lines": 0, "percent_statements_covered": 93.33333333333333, "percent_statements_covered_display": "93"}, "missing_lines": [162], "excluded_lines": [], "start_line": 150}, "get_company_info": {"executed_lines": [177, 179, 180, 182, 183, 184, 185, 187, 188, 190, 191, 192, 194, 195, 196], "summary": {"covered_lines": 15, "num_statements": 15, "percent_covered": 100.0, "percent_covered_display": "100", "missing_lines": 0, "excluded_lines": 0, "percent_statements_covered": 100.0, "percent_statements_covered_display": "100"}, "missing_lines": [], "excluded_lines": [], "start_line": 176}, "get_dividends": {"executed_lines": [203, 205, 206, 208, 209, 210, 211, 213, 216, 217, 218, 220, 221, 222], "summary": {"covered_lines": 14, "num_statements": 15, "percent_covered": 93.33333333333333, "percent_covered_display": "93", "missing_lines": 1, "excluded_lines": 0, "percent_statements_covered": 93.33333333333333, "percent_statements_covered_display": "93"}, "missing_lines": [214], "excluded_lines": [], "start_line": 202}, "get_splits": {"executed_lines": [229, 231, 232, 234, 235, 236, 237, 239, 242, 243, 244, 246, 247, 248], "summary": {"covered_lines": 14, "num_statements": 15, "percent_covered": 93.33333333333333, "percent_covered_display": "93", "missing_lines": 1, "excluded_lines": 0, "percent_statements_covered": 93.33333333333333, "percent_statements_covered_display": "93"}, "missing_lines": [240], "excluded_lines": [], "start_line": 228}, "get_institutional_holders": {"executed_lines": [256, 258, 259, 261, 262, 263, 264, 266, 269, 270, 271, 273, 274, 275], "summary": {"covered_lines": 14, "num_statements": 15, "percent_covered": 93.33333333333333, "percent_covered_display": "93", "missing_lines": 1, "excluded_lines": 0, "percent_statements_covered": 93.33333333333333, "percent_statements_covered_display": "93"}, "missing_lines": [267], "excluded_lines": [], "start_line": 255}, "get_major_shareholders": {"executed_lines": [282, 284, 285, 287, 288, 289, 290, 292, 295, 296, 297, 299, 300, 301], "summary": {"covered_lines": 14, "num_statements": 15, "percent_covered": 93.33333333333333, "percent_covered_display": "93", "missing_lines": 1, "excluded_lines": 0, "percent_statements_covered": 93.33333333333333, "percent_statements_covered_display": "93"}, "missing_lines": [293], "excluded_lines": [], "start_line": 281}, "get_mutual_fund_holders": {"executed_lines": [308, 310, 311, 313, 314, 315, 316, 318, 321, 322, 323, 325, 326, 327], "summary": {"covered_lines": 14, "num_statements": 15, "percent_covered": 93.33333333333333, "percent_covered_display": "93", "missing_lines": 1, "excluded_lines": 0, "percent_statements_covered": 93.33333333333333, "percent_statements_covered_display": "93"}, "missing_lines": [319], "excluded_lines": [], "start_line": 307}, "get_insider_transactions": {"executed_lines": [334, 336, 337, 339, 340, 341, 342, 344, 347, 348, 349, 351, 352, 353], "summary": {"covered_lines": 14, "num_statements": 15, "percent_covered": 93.33333333333333, "percent_covered_display": "93", "missing_lines": 1, "excluded_lines": 0, "percent_statements_covered": 93.33333333333333, "percent_statements_covered_display": "93"}, "missing_lines": [345], "excluded_lines": [], "start_line": 333}, "get_analyst_recommendations": {"executed_lines": [360, 362, 363, 365, 366, 367, 368, 370, 373, 374, 375, 377, 378, 379], "summary": {"covered_lines": 14, "num_statements": 15, "percent_covered": 93.33333333333333, "percent_covered_display": "93", "missing_lines": 1, "excluded_lines": 0, "percent_statements_covered": 93.33333333333333, "percent_statements_covered_display": "93"}, "missing_lines": [371], "excluded_lines": [], "start_line": 359}, "get_analyst_recommendations_summary": {"executed_lines": [386, 388, 389, 391, 392, 393, 394, 396, 399, 400, 401, 403, 404, 405], "summary": {"covered_lines": 14, "num_statements": 15, "percent_covered": 93.33333333333333, "percent_covered_display": "93", "missing_lines": 1, "excluded_lines": 0, "percent_statements_covered": 93.33333333333333, "percent_statements_covered_display": "93"}, "missing_lines": [397], "excluded_lines": [], "start_line": 385}, "get_ticker": {"executed_lines": [412, 414, 415, 417, 418, 419, 420, 422, 423, 424, 425, 426, 427, 429, 431, 432, 433], "summary": {"covered_lines": 17, "num_statements": 17, "percent_covered": 100.0, "percent_covered_display": "100", "missing_lines": 0, "excluded_lines": 0, "percent_statements_covered": 100.0, "percent_statements_covered_display": "100"}, "missing_lines": [], "excluded_lines": [], "start_line": 411}, "": {"executed_lines": [1, 2, 3, 4, 5, 7, 13, 14, 41, 42, 68, 69, 95, 96, 122, 123, 149, 150, 175, 176, 201, 202, 227, 228, 254, 255, 280, 281, 306, 307, 332, 333, 358, 359, 384, 385, 410, 411], "summary": {"covered_lines": 38, "num_statements": 38, "percent_covered": 100.0, "percent_covered_display": "100", "missing_lines": 0, "excluded_lines": 0, "percent_statements_covered": 100.0, "percent_statements_covered_display": "100"}, "missing_lines": [], "excluded_lines": [], "start_line": 1}}, "classes": {"": {"executed_lines": [1, 2, 3, 4, 5, 7, 13, 14, 15, 17, 18, 20, 22, 23, 24, 25, 27, 28, 30, 31, 33, 34, 35, 41, 42, 43, 45, 46, 48, 49, 50, 51, 53, 56, 57, 58, 60, 61, 62, 68, 69, 70, 72, 73, 75, 76, 77, 78, 80, 81, 83, 84, 85, 87, 88, 89, 95, 96, 97, 99, 100, 102, 103, 104, 105, 107, 110, 111, 112, 114, 115, 116, 122, 123, 124, 126, 127, 129, 130, 131, 132, 134, 137, 138, 139, 141, 142, 143, 149, 150, 151, 153, 154, 156, 157, 158, 159, 161, 164, 165, 166, 168, 169, 170, 175, 176, 177, 179, 180, 182, 183, 184, 185, 187, 188, 190, 191, 192, 194, 195, 196, 201, 202, 203, 205, 206, 208, 209, 210, 211, 213, 216, 217, 218, 220, 221, 222, 227, 228, 229, 231, 232, 234, 235, 236, 237, 239, 242, 243, 244, 246, 247, 248, 254, 255, 256, 258, 259, 261, 262, 263, 264, 266, 269, 270, 271, 273, 274, 275, 280, 281, 282, 284, 285, 287, 288, 289, 290, 292, 295, 296, 297, 299, 300, 301, 306, 307, 308, 310, 311, 313, 314, 315, 316, 318, 321, 322, 323, 325, 326, 327, 332, 333, 334, 336, 337, 339, 340, 341, 342, 344, 347, 348, 349, 351, 352, 353, 358, 359, 360, 362, 363, 365, 366, 367, 368, 370, 373, 374, 375, 377, 378, 379, 384, 385, 386, 388, 389, 391, 392, 393, 394, 396, 399, 400, 401, 403, 404, 405, 410, 411, 412, 414, 415, 417, 418, 419, 420, 422, 423, 424, 425, 426, 427, 429, 431, 432, 433], "summary": {"covered_lines": 268, "num_statements": 280, "percent_covered": 95.71428571428571, "percent_covered_display": "96", "missing_lines": 12, "excluded_lines": 0, "percent_statements_covered": 95.71428571428571, "percent_statements_covered_display": "96"}, "missing_lines": [54, 108, 135, 162, 214, 240, 267, 293, 319, 345, 371, 397], "excluded_lines": [], "start_line": 1}}}, "config\\__init__.py": {"executed_lines": [], "summary": {"covered_lines": 0, "num_statements": 0, "percent_covered": 100.0, "percent_covered_display": "100", "missing_lines": 0, "excluded_lines": 0, "percent_statements_covered": 100.0, "percent_statements_covered_display": "100"}, "missing_lines": [], "excluded_lines": [], "functions": {"": {"executed_lines": [], "summary": {"covered_lines": 0, "num_statements": 0, "percent_covered": 100.0, "percent_covered_display": "100", "missing_lines": 0, "excluded_lines": 0, "percent_statements_covered": 100.0, "percent_statements_covered_display": "100"}, "missing_lines": [], "excluded_lines": [], "start_line": 1}}, "classes": {"": {"executed_lines": [], "summary": {"covered_lines": 0, "num_statements": 0, "percent_covered": 100.0, "percent_covered_display": "100", "missing_lines": 0, "excluded_lines": 0, "percent_statements_covered": 100.0, "percent_statements_covered_display": "100"}, "missing_lines": [], "excluded_lines": [], "start_line": 1}}}, "config\\config.py": {"executed_lines": [1, 3, 4, 5, 6, 8, 9, 10, 11], "summary": {"covered_lines": 9, "num_statements": 9, "percent_covered": 100.0, "percent_covered_display": "100", "missing_lines": 0, "excluded_lines": 0, "percent_statements_covered": 100.0, "percent_statements_covered_display": "100"}, "missing_lines": [], "excluded_lines": [], "functions": {"": {"executed_lines": [1, 3, 4, 5, 6, 8, 9, 10, 11], "summary": {"covered_lines": 9, "num_statements": 9, "percent_covered": 100.0, "percent_covered_display": "100", "missing_lines": 0, "excluded_lines": 0, "percent_statements_covered": 100.0, "percent_statements_covered_display": "100"}, "missing_lines": [], "excluded_lines": [], "start_line": 1}}, "classes": {"PromptObject": {"executed_lines": [], "summary": {"covered_lines": 0, "num_statements": 0, "percent_covered": 100.0, "percent_covered_display": "100", "missing_lines": 0, "excluded_lines": 0, "percent_statements_covered": 100.0, "percent_statements_covered_display": "100"}, "missing_lines": [], "excluded_lines": [], "start_line": 3}, "RequestObject": {"executed_lines": [], "summary": {"covered_lines": 0, "num_statements": 0, "percent_covered": 100.0, "percent_covered_display": "100", "missing_lines": 0, "excluded_lines": 0, "percent_statements_covered": 100.0, "percent_statements_covered_display": "100"}, "missing_lines": [], "excluded_lines": [], "start_line": 8}, "": {"executed_lines": [1, 3, 4, 5, 6, 8, 9, 10, 11], "summary": {"covered_lines": 9, "num_statements": 9, "percent_covered": 100.0, "percent_covered_display": "100", "missing_lines": 0, "excluded_lines": 0, "percent_statements_covered": 100.0, "percent_statements_covered_display": "100"}, "missing_lines": [], "excluded_lines": [], "start_line": 1}}}, "main.py": {"executed_lines": [1, 2, 3, 4, 5, 6, 7, 8, 9, 10, 12, 13, 15, 23, 30, 31, 33, 36, 37, 38, 39, 40, 42, 48, 51, 58, 59, 78, 79, 80, 82, 88], "summary": {"covered_lines": 32, "num_statements": 38, "percent_covered": 84.21052631578948, "percent_covered_display": "84", "missing_lines": 6, "excluded_lines": 0, "percent_statements_covered": 84.21052631578948, "percent_statements_covered_display": "84"}, "missing_lines": [69, 70, 73, 76, 89, 90], "excluded_lines": [], "functions": {"health_check": {"executed_lines": [33], "summary": {"covered_lines": 1, "num_statements": 1, "percent_covered": 100.0, "percent_covered_display": "100", "missing_lines": 0, "excluded_lines": 0, "percent_statements_covered": 100.0, "percent_statements_covered_display": "100"}, "missing_lines": [], "excluded_lines": [], "start_line": 31}, "chat": {"executed_lines": [38, 39, 82], "summary": {"covered_lines": 3, "num_statements": 3, "percent_covered": 100.0, "percent_covered_display": "100", "missing_lines": 0, "excluded_lines": 0, "percent_statements_covered": 100.0, "percent_statements_covered_display": "100"}, "missing_lines": [], "excluded_lines": [], "start_line": 37}, "chat.generate": {"executed_lines": [40, 42, 48, 51, 58, 59, 78, 79, 80], "summary": {"covered_lines": 9, "num_statements": 13, "percent_covered": 69.23076923076923, "percent_covered_display": "69", "missing_lines": 4, "excluded_lines": 0, "percent_statements_covered": 69.23076923076923, "percent_statements_covered_display": "69"}, "missing_lines": [69, 70, 73, 76], "excluded_lines": [], "start_line": 39}, "": {"executed_lines": [1, 2, 3, 4, 5, 6, 7, 8, 9, 10, 12, 13, 15, 23, 30, 31, 36, 37, 88], "summary": {"covered_lines": 19, "num_statements": 21, "percent_covered": 90.47619047619048, "percent_covered_display": "90", "missing_lines": 2, "excluded_lines": 0, "percent_statements_covered": 90.47619047619048, "percent_statements_covered_display": "90"}, "missing_lines": [89, 90], "excluded_lines": [], "start_line": 1}}, "classes": {"": {"executed_lines": [1, 2, 3, 4, 5, 6, 7, 8, 9, 10, 12, 13, 15, 23, 30, 31, 33, 36, 37, 38, 39, 40, 42, 48, 51, 58, 59, 78, 79, 80, 82, 88], "summary": {"covered_lines": 32, "num_statements": 38, "percent_covered": 84.21052631578948, "percent_covered_display": "84", "missing_lines": 6, "excluded_lines": 0, "percent_statements_covered": 84.21052631578948, "percent_statements_covered_display": "84"}, "missing_lines": [69, 70, 73, 76, 89, 90], "excluded_lines": [], "start_line": 1}}}}, "totals": {"covered_lines": 347, "num_statements": 365, "percent_covered": 95.06849315068493, "percent_covered_display": "95", "missing_lines": 18, "excluded_lines": 0, "percent_statements_covered": 95.06849315068493, "percent_statements_covered_display": "95"}}